  EnergyCalculatePipeline.cpp
e:\xjyuan\003 zju\002 solar\004 codes\190326_solar\fieldoptimism\fieldoptimism\datastructure\../Common/global_function.cuh(28): warning C4838: 从“int”转换到“double”需要收缩转换
e:\xjyuan\003 zju\002 solar\004 codes\190326_solar\fieldoptimism\fieldoptimism\datastructure\../Common/global_function.cuh(32): warning C4244: “参数”: 从“double”转换到“float”，可能丢失数据
e:\xjyuan\003 zju\002 solar\004 codes\190326_solar\fieldoptimism\fieldoptimism\datastructure\../Common/global_function.cuh(39): warning C4244: “参数”: 从“const double”转换到“float”，可能丢失数据
e:\xjyuan\003 zju\002 solar\004 codes\190326_solar\fieldoptimism\fieldoptimism\datastructure\../Common/global_function.cuh(43): warning C4244: “参数”: 从“const double”转换到“float”，可能丢失数据
e:\xjyuan\003 zju\002 solar\004 codes\190326_solar\fieldoptimism\fieldoptimism\datastructure\../Common/global_function.cuh(62): warning C4244: “参数”: 从“double”转换到“float”，可能丢失数据
e:\xjyuan\003 zju\002 solar\004 codes\190326_solar\fieldoptimism\fieldoptimism\datastructure\../Common/global_function.cuh(180): warning C4267: “初始化”: 从“size_t”转换到“int”，可能丢失数据
e:\xjyuan\003 zju\002 solar\004 codes\190326_solar\fieldoptimism\fieldoptimism\griddda\../DeviceArgument/HeliostatDeviceArgument/HeliostatDeviceArgument.h(67): warning C4244: “=”: 从“double”转换到“int”，可能丢失数据
e:\xjyuan\003 zju\002 solar\004 codes\190326_solar\fieldoptimism\fieldoptimism\griddda\../DeviceArgument/HeliostatDeviceArgument/HeliostatDeviceArgument.h(68): warning C4244: “=”: 从“double”转换到“int”，可能丢失数据
e:\xjyuan\003 zju\002 solar\004 codes\190326_solar\fieldoptimism\fieldoptimism\energycalculatepipeline\receiverenergycalculator\../../GaussLegendre/GaussLegendre.cuh(17): warning C4244: “return”: 从“double”转换到“float”，可能丢失数据
  FieldSimulationController.cpp
e:\xjyuan\003 zju\002 solar\004 codes\190326_solar\fieldoptimism\fieldoptimism\datastructure\../Common/global_function.cuh(28): warning C4838: 从“int”转换到“double”需要收缩转换
e:\xjyuan\003 zju\002 solar\004 codes\190326_solar\fieldoptimism\fieldoptimism\datastructure\../Common/global_function.cuh(32): warning C4244: “参数”: 从“double”转换到“float”，可能丢失数据
e:\xjyuan\003 zju\002 solar\004 codes\190326_solar\fieldoptimism\fieldoptimism\datastructure\../Common/global_function.cuh(39): warning C4244: “参数”: 从“const double”转换到“float”，可能丢失数据
e:\xjyuan\003 zju\002 solar\004 codes\190326_solar\fieldoptimism\fieldoptimism\datastructure\../Common/global_function.cuh(43): warning C4244: “参数”: 从“const double”转换到“float”，可能丢失数据
e:\xjyuan\003 zju\002 solar\004 codes\190326_solar\fieldoptimism\fieldoptimism\datastructure\../Common/global_function.cuh(62): warning C4244: “参数”: 从“double”转换到“float”，可能丢失数据
e:\xjyuan\003 zju\002 solar\004 codes\190326_solar\fieldoptimism\fieldoptimism\datastructure\../Common/global_function.cuh(180): warning C4267: “初始化”: 从“size_t”转换到“int”，可能丢失数据
e:\xjyuan\003 zju\002 solar\004 codes\190326_solar\fieldoptimism\fieldoptimism\griddda\../DeviceArgument/HeliostatDeviceArgument/HeliostatDeviceArgument.h(67): warning C4244: “=”: 从“double”转换到“int”，可能丢失数据
e:\xjyuan\003 zju\002 solar\004 codes\190326_solar\fieldoptimism\fieldoptimism\griddda\../DeviceArgument/HeliostatDeviceArgument/HeliostatDeviceArgument.h(68): warning C4244: “=”: 从“double”转换到“int”，可能丢失数据
e:\xjyuan\003 zju\002 solar\004 codes\190326_solar\fieldoptimism\fieldoptimism\energycalculatepipeline\receiverenergycalculator\../../GaussLegendre/GaussLegendre.cuh(17): warning C4244: “return”: 从“double”转换到“float”，可能丢失数据
  main.cpp
e:\xjyuan\003 zju\002 solar\004 codes\190326_solar\fieldoptimism\fieldoptimism\datastructure\../Common/global_function.cuh(28): warning C4838: 从“int”转换到“double”需要收缩转换
e:\xjyuan\003 zju\002 solar\004 codes\190326_solar\fieldoptimism\fieldoptimism\datastructure\../Common/global_function.cuh(32): warning C4244: “参数”: 从“double”转换到“float”，可能丢失数据
e:\xjyuan\003 zju\002 solar\004 codes\190326_solar\fieldoptimism\fieldoptimism\datastructure\../Common/global_function.cuh(39): warning C4244: “参数”: 从“const double”转换到“float”，可能丢失数据
e:\xjyuan\003 zju\002 solar\004 codes\190326_solar\fieldoptimism\fieldoptimism\datastructure\../Common/global_function.cuh(43): warning C4244: “参数”: 从“const double”转换到“float”，可能丢失数据
e:\xjyuan\003 zju\002 solar\004 codes\190326_solar\fieldoptimism\fieldoptimism\datastructure\../Common/global_function.cuh(62): warning C4244: “参数”: 从“double”转换到“float”，可能丢失数据
e:\xjyuan\003 zju\002 solar\004 codes\190326_solar\fieldoptimism\fieldoptimism\datastructure\../Common/global_function.cuh(180): warning C4267: “初始化”: 从“size_t”转换到“int”，可能丢失数据
e:\xjyuan\003 zju\002 solar\004 codes\190326_solar\fieldoptimism\fieldoptimism\griddda\../DeviceArgument/HeliostatDeviceArgument/HeliostatDeviceArgument.h(67): warning C4244: “=”: 从“double”转换到“int”，可能丢失数据
e:\xjyuan\003 zju\002 solar\004 codes\190326_solar\fieldoptimism\fieldoptimism\griddda\../DeviceArgument/HeliostatDeviceArgument/HeliostatDeviceArgument.h(68): warning C4244: “=”: 从“double”转换到“int”，可能丢失数据
e:\xjyuan\003 zju\002 solar\004 codes\190326_solar\fieldoptimism\fieldoptimism\energycalculatepipeline\receiverenergycalculator\../../GaussLegendre/GaussLegendre.cuh(17): warning C4244: “return”: 从“double”转换到“float”，可能丢失数据
  
  E:\xjYuan\003 ZJU\002 Solar\004 Codes\190326_Solar\FieldOptimism\FieldOptimism>"C:\Program Files\NVIDIA GPU Computing Toolkit\CUDA\v10.1\bin\nvcc.exe" -dlink -o x64\Release\FieldOptimism.device-link.obj -Xcompiler "/EHsc /W3 /nologo /O2 /Zi  /MD " -L"C:\Program Files\NVIDIA GPU Computing Toolkit\CUDA\v10.1\lib\x64" cudart_static.lib kernel32.lib user32.lib gdi32.lib winspool.lib comdlg32.lib advapi32.lib shell32.lib ole32.lib oleaut32.lib uuid.lib odbc32.lib odbccp32.lib opencv_world310d.lib  -gencode=arch=compute_35,code=sm_35  --machine 64 x64\Release\CylinderRecvFluxIntegral.cu.obj x64\Release\ReceiverEnergyCalculator.cu.obj x64\Release\RectRecvFluxIntegral.cu.obj x64\Release\GaussLegendre.cu.obj 
  cudart_static.lib
  kernel32.lib
  user32.lib
  gdi32.lib
  winspool.lib
  comdlg32.lib
  advapi32.lib
  shell32.lib
  ole32.lib
  oleaut32.lib
  uuid.lib
  odbc32.lib
  odbccp32.lib
  opencv_world310d.lib
  CylinderRecvFluxIntegral.cu.obj
  ReceiverEnergyCalculator.cu.obj
  RectRecvFluxIntegral.cu.obj
  GaussLegendre.cu.obj
    正在创建库 E:\xjYuan\003 ZJU\002 Solar\004 Codes\190326_Solar\FieldOptimism\x64\Release\FieldOptimism.lib 和对象 E:\xjYuan\003 ZJU\002 Solar\004 Codes\190326_Solar\FieldOptimism\x64\Release\FieldOptimism.exp
  正在生成代码
  56 of 7420 functions ( 0.8%) were compiled, the rest were copied from previous compilation.
    2 functions were new in current compilation
    57 functions had inline decision re-evaluated but remain unchanged
  已完成代码的生成
  FieldOptimism.vcxproj -> E:\xjYuan\003 ZJU\002 Solar\004 Codes\190326_Solar\FieldOptimism\x64\Release\FieldOptimism.exe
  FieldOptimism.vcxproj -> E:\xjYuan\003 ZJU\002 Solar\004 Codes\190326_Solar\FieldOptimism\x64\Release\FieldOptimism.pdb (Full PDB)
