e:\xjyuan\003 zju\002 solar\004 codes\190326_solar\fieldoptimism\fieldoptimism\x64\release\vc140.pdb
e:\xjyuan\003 zju\002 solar\004 codes\190326_solar\fieldoptimism\fieldoptimism\x64\release\clipper.obj
e:\xjyuan\003 zju\002 solar\004 codes\190326_solar\fieldoptimism\fieldoptimism\x64\release\argumentparser.obj
e:\xjyuan\003 zju\002 solar\004 codes\190326_solar\fieldoptimism\fieldoptimism\x64\release\sigmafitting.obj
e:\xjyuan\003 zju\002 solar\004 codes\190326_solar\fieldoptimism\fieldoptimism\x64\release\shadowblockcalculator.obj
e:\xjyuan\003 zju\002 solar\004 codes\190326_solar\fieldoptimism\fieldoptimism\x64\release\polygoncentercalculator.obj
e:\xjyuan\003 zju\002 solar\004 codes\190326_solar\fieldoptimism\fieldoptimism\x64\release\main.obj
e:\xjyuan\003 zju\002 solar\004 codes\190326_solar\fieldoptimism\fieldoptimism\x64\release\griddda.obj
e:\xjyuan\003 zju\002 solar\004 codes\190326_solar\fieldoptimism\fieldoptimism\x64\release\gausslegendre.obj
e:\xjyuan\003 zju\002 solar\004 codes\190326_solar\fieldoptimism\fieldoptimism\x64\release\fieldsimulationcontroller.obj
e:\xjyuan\003 zju\002 solar\004 codes\190326_solar\fieldoptimism\fieldoptimism\x64\release\receiverenergycalculator.obj
e:\xjyuan\003 zju\002 solar\004 codes\190326_solar\fieldoptimism\fieldoptimism\x64\release\energycalculatepipeline.obj
e:\xjyuan\003 zju\002 solar\004 codes\190326_solar\fieldoptimism\fieldoptimism\x64\release\differentialevolution.obj
e:\xjyuan\003 zju\002 solar\004 codes\190326_solar\fieldoptimism\fieldoptimism\x64\release\receiverdeviceargument.obj
e:\xjyuan\003 zju\002 solar\004 codes\190326_solar\fieldoptimism\fieldoptimism\x64\release\cylinderreceiverdeviceargument.obj
e:\xjyuan\003 zju\002 solar\004 codes\190326_solar\fieldoptimism\fieldoptimism\x64\release\heliostatdeviceargument.obj
e:\xjyuan\003 zju\002 solar\004 codes\190326_solar\fieldoptimism\fieldoptimism\x64\release\sunray.obj
e:\xjyuan\003 zju\002 solar\004 codes\190326_solar\fieldoptimism\fieldoptimism\x64\release\solarscene.obj
e:\xjyuan\003 zju\002 solar\004 codes\190326_solar\fieldoptimism\fieldoptimism\x64\release\receiver.obj
e:\xjyuan\003 zju\002 solar\004 codes\190326_solar\fieldoptimism\fieldoptimism\x64\release\layout.obj
e:\xjyuan\003 zju\002 solar\004 codes\190326_solar\fieldoptimism\fieldoptimism\x64\release\heliostat.obj
e:\xjyuan\003 zju\002 solar\004 codes\190326_solar\fieldoptimism\fieldoptimism\x64\release\timer.obj
e:\xjyuan\003 zju\002 solar\004 codes\190326_solar\fieldoptimism\fieldoptimism\x64\release\spa.obj
e:\xjyuan\003 zju\002 solar\004 codes\190326_solar\fieldoptimism\fieldoptimism\x64\release\pca.obj
e:\xjyuan\003 zju\002 solar\004 codes\190326_solar\fieldoptimism\fieldoptimism\x64\release\triangle.obj
x64\release\cylinderrecvfluxintegral.cu.obj
x64\release\rectrecvdiscreteflux.cu.obj
x64\release\rectrecvfluxintegral.cu.obj
x64\release\gausslegendre.cu.obj
e:\xjyuan\003 zju\002 solar\004 codes\190326_solar\fieldoptimism\x64\release\fieldoptimism.lib
e:\xjyuan\003 zju\002 solar\004 codes\190326_solar\fieldoptimism\x64\release\fieldoptimism.exp
e:\xjyuan\003 zju\002 solar\004 codes\190326_solar\fieldoptimism\fieldoptimism\x64\release\cylinderrecvfluxintegral.cu.cache
e:\xjyuan\003 zju\002 solar\004 codes\190326_solar\fieldoptimism\fieldoptimism\x64\release\gausslegendre.cu.cache
e:\xjyuan\003 zju\002 solar\004 codes\190326_solar\fieldoptimism\fieldoptimism\x64\release\rectrecvdiscreteflux.cu.cache
e:\xjyuan\003 zju\002 solar\004 codes\190326_solar\fieldoptimism\fieldoptimism\x64\release\rectrecvfluxintegral.cu.cache
e:\xjyuan\003 zju\002 solar\004 codes\190326_solar\fieldoptimism\fieldoptimism\x64\release\cylinderrecvfluxintegral.cu.obj
e:\xjyuan\003 zju\002 solar\004 codes\190326_solar\fieldoptimism\fieldoptimism\x64\release\fieldoptimism.device-link.obj
e:\xjyuan\003 zju\002 solar\004 codes\190326_solar\fieldoptimism\fieldoptimism\x64\release\gausslegendre.cu.obj
e:\xjyuan\003 zju\002 solar\004 codes\190326_solar\fieldoptimism\fieldoptimism\x64\release\rectrecvdiscreteflux.cu.obj
e:\xjyuan\003 zju\002 solar\004 codes\190326_solar\fieldoptimism\fieldoptimism\x64\release\rectrecvfluxintegral.cu.obj
e:\xjyuan\003 zju\002 solar\004 codes\190326_solar\fieldoptimism\x64\release\fieldoptimism.pdb
e:\xjyuan\003 zju\002 solar\004 codes\190326_solar\fieldoptimism\x64\release\fieldoptimism.exe
e:\xjyuan\003 zju\002 solar\004 codes\190326_solar\fieldoptimism\fieldoptimism\x64\release\fieldoptimism.tlog\cl.command.1.tlog
e:\xjyuan\003 zju\002 solar\004 codes\190326_solar\fieldoptimism\fieldoptimism\x64\release\fieldoptimism.tlog\cl.read.1.tlog
e:\xjyuan\003 zju\002 solar\004 codes\190326_solar\fieldoptimism\fieldoptimism\x64\release\fieldoptimism.tlog\cl.write.1.tlog
e:\xjyuan\003 zju\002 solar\004 codes\190326_solar\fieldoptimism\fieldoptimism\x64\release\fieldoptimism.tlog\cudacompile.read.1u.tlog
e:\xjyuan\003 zju\002 solar\004 codes\190326_solar\fieldoptimism\fieldoptimism\x64\release\fieldoptimism.tlog\cudacompile.write.1u.tlog
e:\xjyuan\003 zju\002 solar\004 codes\190326_solar\fieldoptimism\fieldoptimism\x64\release\fieldoptimism.tlog\fieldoptimism.write.1u.tlog
e:\xjyuan\003 zju\002 solar\004 codes\190326_solar\fieldoptimism\fieldoptimism\x64\release\fieldoptimism.tlog\link-dw20-dwwin.delete.1.tlog
e:\xjyuan\003 zju\002 solar\004 codes\190326_solar\fieldoptimism\fieldoptimism\x64\release\fieldoptimism.tlog\link-dw20-dwwin.read.1.tlog
e:\xjyuan\003 zju\002 solar\004 codes\190326_solar\fieldoptimism\fieldoptimism\x64\release\fieldoptimism.tlog\link-dw20-dwwin.read.2.tlog
e:\xjyuan\003 zju\002 solar\004 codes\190326_solar\fieldoptimism\fieldoptimism\x64\release\fieldoptimism.tlog\link-dw20-dwwin.read.4.tlog
e:\xjyuan\003 zju\002 solar\004 codes\190326_solar\fieldoptimism\fieldoptimism\x64\release\fieldoptimism.tlog\link-dw20-dwwin.read.6.tlog
e:\xjyuan\003 zju\002 solar\004 codes\190326_solar\fieldoptimism\fieldoptimism\x64\release\fieldoptimism.tlog\link-dw20-dwwin.read.7.tlog
e:\xjyuan\003 zju\002 solar\004 codes\190326_solar\fieldoptimism\fieldoptimism\x64\release\fieldoptimism.tlog\link-dw20-dwwin.read.9.tlog
e:\xjyuan\003 zju\002 solar\004 codes\190326_solar\fieldoptimism\fieldoptimism\x64\release\fieldoptimism.tlog\link-dw20-dwwin.write.1.tlog
e:\xjyuan\003 zju\002 solar\004 codes\190326_solar\fieldoptimism\fieldoptimism\x64\release\fieldoptimism.tlog\link-dw20-dwwin.write.2.tlog
e:\xjyuan\003 zju\002 solar\004 codes\190326_solar\fieldoptimism\fieldoptimism\x64\release\fieldoptimism.tlog\link-dw20-dwwin.write.7.tlog
e:\xjyuan\003 zju\002 solar\004 codes\190326_solar\fieldoptimism\fieldoptimism\x64\release\fieldoptimism.tlog\link-dw20-dwwin.write.9.tlog
e:\xjyuan\003 zju\002 solar\004 codes\190326_solar\fieldoptimism\fieldoptimism\x64\release\fieldoptimism.tlog\link-dw20.read.1.tlog
e:\xjyuan\003 zju\002 solar\004 codes\190326_solar\fieldoptimism\fieldoptimism\x64\release\fieldoptimism.tlog\link.command.1.tlog
e:\xjyuan\003 zju\002 solar\004 codes\190326_solar\fieldoptimism\fieldoptimism\x64\release\fieldoptimism.tlog\link.read.1.tlog
e:\xjyuan\003 zju\002 solar\004 codes\190326_solar\fieldoptimism\fieldoptimism\x64\release\fieldoptimism.tlog\link.read.4.tlog
e:\xjyuan\003 zju\002 solar\004 codes\190326_solar\fieldoptimism\fieldoptimism\x64\release\fieldoptimism.tlog\link.write.1.tlog
