e:\xjyuan\003 zju\002 solar\004 codes\190326_solar\fieldoptimism\fieldoptimism\x64\debug\vc140.pdb
e:\xjyuan\003 zju\002 solar\004 codes\190326_solar\fieldoptimism\fieldoptimism\x64\debug\vc140.idb
e:\xjyuan\003 zju\002 solar\004 codes\190326_solar\fieldoptimism\fieldoptimism\x64\debug\clipper.obj
e:\xjyuan\003 zju\002 solar\004 codes\190326_solar\fieldoptimism\fieldoptimism\x64\debug\heliostat.obj
e:\xjyuan\003 zju\002 solar\004 codes\190326_solar\fieldoptimism\fieldoptimism\x64\debug\layout.obj
e:\xjyuan\003 zju\002 solar\004 codes\190326_solar\fieldoptimism\fieldoptimism\x64\debug\lsffieldsegment.obj
e:\xjyuan\003 zju\002 solar\004 codes\190326_solar\fieldoptimism\fieldoptimism\x64\debug\receiver.obj
e:\xjyuan\003 zju\002 solar\004 codes\190326_solar\fieldoptimism\fieldoptimism\x64\debug\solarscene.obj
e:\xjyuan\003 zju\002 solar\004 codes\190326_solar\fieldoptimism\fieldoptimism\x64\debug\spa.obj
e:\xjyuan\003 zju\002 solar\004 codes\190326_solar\fieldoptimism\fieldoptimism\x64\debug\sunray.obj
e:\xjyuan\003 zju\002 solar\004 codes\190326_solar\fieldoptimism\fieldoptimism\x64\debug\timer.obj
e:\xjyuan\003 zju\002 solar\004 codes\190326_solar\fieldoptimism\fieldoptimism\x64\debug\discreteraycaster.obj
e:\xjyuan\003 zju\002 solar\004 codes\190326_solar\fieldoptimism\fieldoptimism\x64\debug\gausslegendre.obj
e:\xjyuan\003 zju\002 solar\004 codes\190326_solar\fieldoptimism\fieldoptimism\x64\debug\griddda_cpu.obj
e:\xjyuan\003 zju\002 solar\004 codes\190326_solar\fieldoptimism\fieldoptimism\x64\debug\main.obj
e:\xjyuan\003 zju\002 solar\004 codes\190326_solar\fieldoptimism\fieldoptimism\x64\debug\raycastingargument.obj
e:\xjyuan\003 zju\002 solar\004 codes\190326_solar\fieldoptimism\fieldoptimism\x64\debug\sdbkcalculator.obj
x64\debug\devicelist.cu.obj
x64\debug\raycastercore.cu.obj
x64\debug\gausslegendre.cu.obj
x64\debug\fluxintegral.cu.obj
x64\debug\helioenergy.cu.obj
e:\xjyuan\003 zju\002 solar\004 codes\190326_solar\fieldoptimism\x64\debug\fieldoptimism.lib
e:\xjyuan\003 zju\002 solar\004 codes\190326_solar\fieldoptimism\x64\debug\fieldoptimism.exp
e:\xjyuan\003 zju\002 solar\004 codes\190326_solar\fieldoptimism\x64\debug\fieldoptimism.ilk
e:\xjyuan\003 zju\002 solar\004 codes\190326_solar\fieldoptimism\x64\debug\fieldoptimism.exe
e:\xjyuan\003 zju\002 solar\004 codes\190326_solar\fieldoptimism\x64\debug\fieldoptimism.pdb
e:\xjyuan\003 zju\002 solar\004 codes\190326_solar\fieldoptimism\fieldoptimism\x64\debug\devicelist.cu.cache
e:\xjyuan\003 zju\002 solar\004 codes\190326_solar\fieldoptimism\fieldoptimism\x64\debug\fluxintegral.cu.cache
e:\xjyuan\003 zju\002 solar\004 codes\190326_solar\fieldoptimism\fieldoptimism\x64\debug\gausslegendre.cu.cache
e:\xjyuan\003 zju\002 solar\004 codes\190326_solar\fieldoptimism\fieldoptimism\x64\debug\helioenergy.cu.cache
e:\xjyuan\003 zju\002 solar\004 codes\190326_solar\fieldoptimism\fieldoptimism\x64\debug\raycastercore.cu.cache
e:\xjyuan\003 zju\002 solar\004 codes\190326_solar\fieldoptimism\fieldoptimism\x64\debug\devicelist.cu.obj
e:\xjyuan\003 zju\002 solar\004 codes\190326_solar\fieldoptimism\fieldoptimism\x64\debug\fieldoptimism.device-link.obj
e:\xjyuan\003 zju\002 solar\004 codes\190326_solar\fieldoptimism\fieldoptimism\x64\debug\fluxintegral.cu.obj
e:\xjyuan\003 zju\002 solar\004 codes\190326_solar\fieldoptimism\fieldoptimism\x64\debug\gausslegendre.cu.obj
e:\xjyuan\003 zju\002 solar\004 codes\190326_solar\fieldoptimism\fieldoptimism\x64\debug\helioenergy.cu.obj
e:\xjyuan\003 zju\002 solar\004 codes\190326_solar\fieldoptimism\fieldoptimism\x64\debug\raycastercore.cu.obj
e:\xjyuan\003 zju\002 solar\004 codes\190326_solar\fieldoptimism\fieldoptimism\x64\debug\fieldoptimism.tlog\cl.command.1.tlog
e:\xjyuan\003 zju\002 solar\004 codes\190326_solar\fieldoptimism\fieldoptimism\x64\debug\fieldoptimism.tlog\cl.read.1.tlog
e:\xjyuan\003 zju\002 solar\004 codes\190326_solar\fieldoptimism\fieldoptimism\x64\debug\fieldoptimism.tlog\cl.write.1.tlog
e:\xjyuan\003 zju\002 solar\004 codes\190326_solar\fieldoptimism\fieldoptimism\x64\debug\fieldoptimism.tlog\cudacompile.read.1u.tlog
e:\xjyuan\003 zju\002 solar\004 codes\190326_solar\fieldoptimism\fieldoptimism\x64\debug\fieldoptimism.tlog\cudacompile.write.1u.tlog
e:\xjyuan\003 zju\002 solar\004 codes\190326_solar\fieldoptimism\fieldoptimism\x64\debug\fieldoptimism.tlog\fieldoptimism.write.1u.tlog
e:\xjyuan\003 zju\002 solar\004 codes\190326_solar\fieldoptimism\fieldoptimism\x64\debug\fieldoptimism.tlog\link.command.1.tlog
e:\xjyuan\003 zju\002 solar\004 codes\190326_solar\fieldoptimism\fieldoptimism\x64\debug\fieldoptimism.tlog\link.read.1.tlog
e:\xjyuan\003 zju\002 solar\004 codes\190326_solar\fieldoptimism\fieldoptimism\x64\debug\fieldoptimism.tlog\link.write.1.tlog
